Exporter version: 2.93.3, Blender version: 2.93.1
========= Conversion from Blender to Babylon.js =========
	Scene settings used :
		Inline textures     :  false
		Material Type       :  PBR
		Positions Precision :  4
		Normals Precision   :  3
		UVs Precision       :  3
		Vert Color Precision:  3
		Mat Weight Precision:  2
		Keep Z-up r-handed  :  no
		Texture directory   :  C:\Users\lehmann\Desktop\scioi\Simulation\PyFramework_v2\snd\3d_animations\core\babylon\twipr_models\
	Python World class constructor completed
	processing begun of camera (UniversalCamera):  Camera
	processing begun of mesh:  Shape_IndexedFaceSet
		WARNING: No materials have been assigned: 
		num positions      :  430631
		num normals        :  430631
		num tangents       :  0
		num uvs            :  861262
		num uvs2           :  0
		num colors         :  1722524
		num triangles      :  162066
	processing begun of light (POINT):  Light
========= Writing of JSON file started =========
	writing mesh:  Shape_IndexedFaceSet
========= Writing of JSON file completed =========
========= end of processing =========
elapsed time:  0 min, 27.7909 secs
