Exporter version: 3.3.0, Blender version: 3.3.1
========= Conversion from Blender to Babylon.js =========
	Scene settings used :
		Inline textures     :  false
		Material Type       :  PBR
		Positions Precision :  4
		Normals Precision   :  3
		UVs Precision       :  3
		Vert Color Precision:  3
		Mat Weight Precision:  2
		Keep Z-up r-handed  :  no
		Texture directory   :  D:\work_dir\temp\scioi-pysim\scioi_py_core\visualization\babylon\babylon_lib\models\twipr\
	Python World class constructor completed
	WARNING: No active camera has been assigned, or is not in a currently enabled collection
	processing begun of mesh:  Shape_IndexedFaceSet
		processing begun of material:  Shape
		processing begun of material:  Shape.001
		processing begun of material:  Shape.002
		processing begun of material:  Shape.003
		processing begun of material:  Shape.004
		processing begun of material:  Shape.005
		processing begun of material:  Shape.006
		processing begun of material:  Shape.007
		processing begun of material:  Shape.008
		processing begun of material:  Shape.009
		processing begun of material:  Shape.010
		processing begun of material:  Shape.011
		processing begun of material:  Shape.012
		processing begun of material:  Shape.013
		processing begun of material:  Shape.014
		processing begun of material:  Shape.015
		processing begun of material:  Shape.016
		processing begun of material:  Shape.017
		processing begun of material:  Shape.018
		processing begun of material:  Shape.019
		processing begun of material:  Shape.020
		processing begun of material:  Shape.021
		processing begun of material:  Shape.022
		processing begun of material:  Shape.023
		processing begun of material:  Shape.024
		processing begun of material:  Shape.025
		processing begun of material:  Shape.026
		processing begun of material:  Shape.027
		processing begun of material:  Shape.028
		processing begun of material:  Shape.029
		processing begun of material:  Shape.030
		processing begun of material:  Shape.031
		processing begun of material:  Shape.032
		processing begun of material:  Shape.033
		processing begun of material:  Shape.034
		processing begun of material:  Shape.035
		processing begun of material:  Shape.036
		processing begun of material:  Shape.037
		processing begun of material:  Shape.038
		processing begun of material:  Shape.039
		processing begun of material:  Shape.040
		processing begun of material:  Shape.041
		processing begun of material:  Shape.042
		processing begun of material:  Shape.043
		processing begun of material:  Shape.044
		processing begun of material:  Shape.045
		processing begun of material:  Shape.046
		processing begun of material:  Shape.047
		processing begun of material:  Shape.048
		processing begun of material:  Shape.049
		processing begun of material:  Shape.050
		processing begun of material:  Shape.051
		processing begun of multimaterial:  twipr_2.Multimaterial#0
		num positions      :  266902
		num normals        :  266902
		num tangents       :  0
		num uvs            :  533804
		num uvs2           :  0
		num colors         :  1067608
		num triangles      :  96630
		WARNING: # of 0 area faces found:  23400
========= Writing of JSON file started =========
	writing mesh:  Shape_IndexedFaceSet
========= Writing of JSON file completed =========
========= end of processing =========
elapsed time:  0 min, 13.0536 secs
