Exporter version: 3.3.0, Blender version: 3.3.1
========= Conversion from Blender to Babylon.js =========
	Scene settings used :
		Inline textures     :  false
		Material Type       :  PBR
		Positions Precision :  4
		Normals Precision   :  3
		UVs Precision       :  3
		Vert Color Precision:  3
		Mat Weight Precision:  2
		Keep Z-up r-handed  :  no
		Texture directory   :  D:\work_dir\temp\scioi-pysim\scioi_py_core\visualization\babylon\babylon_lib\models\twipr\
	Python World class constructor completed
	WARNING: No active camera has been assigned, or is not in a currently enabled collection
	processing begun of mesh:  Shape_IndexedFaceSet
		processing begun of material:  Shape.696
		processing begun of material:  Shape.697
		processing begun of material:  Shape.698
		processing begun of material:  Shape.699
		processing begun of material:  Shape.700
		processing begun of material:  Shape.701
		processing begun of material:  Shape.702
		processing begun of material:  Shape.703
		processing begun of material:  Shape.704
		processing begun of material:  Shape.705
		processing begun of material:  Shape.706
		processing begun of material:  Shape.707
		processing begun of material:  Shape.708
		processing begun of material:  Shape.709
		processing begun of material:  Shape.710
		processing begun of material:  Shape.711
		processing begun of material:  Shape.712
		processing begun of material:  Shape.713
		processing begun of material:  Shape.714
		processing begun of material:  Shape.715
		processing begun of material:  Shape.716
		processing begun of material:  Shape.717
		processing begun of material:  Shape.718
		processing begun of material:  Shape.719
		processing begun of material:  Shape.720
		processing begun of material:  Shape.721
		processing begun of material:  Shape.722
		processing begun of material:  Shape.723
		processing begun of material:  Shape.724
		processing begun of material:  Shape.725
		processing begun of material:  Shape.726
		processing begun of material:  Shape.727
		processing begun of material:  Shape.728
		processing begun of material:  Shape.729
		processing begun of material:  Shape.730
		processing begun of material:  Shape.731
		processing begun of material:  Shape.732
		processing begun of material:  Shape.733
		processing begun of material:  Shape.734
		processing begun of material:  Shape.735
		processing begun of material:  Shape.736
		processing begun of material:  Shape.737
		processing begun of material:  Shape.738
		processing begun of material:  Shape.739
		processing begun of material:  Shape.740
		processing begun of material:  Shape.741
		processing begun of material:  Shape.742
		processing begun of material:  Shape.743
		processing begun of material:  Shape.744
		processing begun of material:  Shape.745
		processing begun of material:  Shape.746
		processing begun of material:  Shape.747
		processing begun of material:  Shape.748
		processing begun of material:  Shape.749
		processing begun of multimaterial:  twipr_antenna_3.Multimaterial#0
		num positions      :  285402
		num normals        :  285402
		num tangents       :  0
		num uvs            :  570804
		num uvs2           :  0
		num colors         :  1141608
		num triangles      :  103186
		WARNING: # of 0 area faces found:  24708
========= Writing of JSON file started =========
	writing mesh:  Shape_IndexedFaceSet
========= Writing of JSON file completed =========
========= end of processing =========
elapsed time:  0 min, 15.0889 secs
