Exporter version: 3.3.0, Blender version: 3.3.1
========= Conversion from Blender to Babylon.js =========
	Scene settings used :
		Inline textures     :  false
		Material Type       :  PBR
		Positions Precision :  4
		Normals Precision   :  3
		UVs Precision       :  3
		Vert Color Precision:  3
		Mat Weight Precision:  2
		Keep Z-up r-handed  :  no
		Texture directory   :  C:\Users\lehmann_workstation\Desktop\diff_drive_robot_cad\
	Python World class constructor completed
	WARNING: No active camera has been assigned, or is not in a currently enabled collection
	processing begun of mesh:  Shape_IndexedFaceSet
		processing begun of material:  Shape
		processing begun of material:  Shape.001
		processing begun of material:  Shape.002
		processing begun of material:  Shape.003
		processing begun of material:  Shape.004
		processing begun of material:  Shape.005
		processing begun of material:  Shape.006
		processing begun of material:  Shape.007
		processing begun of multimaterial:  diff_robot_0.Multimaterial#0
		num positions      :  3133
		num normals        :  3133
		num tangents       :  0
		num uvs            :  6266
		num uvs2           :  0
		num colors         :  12532
		num triangles      :  1452
========= Writing of JSON file started =========
	writing mesh:  Shape_IndexedFaceSet
========= Writing of JSON file completed =========
========= end of processing =========
elapsed time:  0 min, 0.1933 secs
